<?xml version="1.0" encoding="UTF-8"?>
<!-- Generated by org.testng.reporters.JUnitXMLReporter -->
<testsuite hostname="Himanshu-PC" ignored="6" tests="1" failures="0" timestamp="20 Aug 2020 10:45:18 GMT" time="11.732" errors="0">
  <testcase name="rClick" time="3.743" classname="HandlingDropDownCombobox"/>
  <testcase name="multipleSelectDropDown" time="0.0" classname="HandlingDropDownCombobox">
    <ignored/>
  </testcase> <!-- multipleSelectDropDown -->
  <testcase name="doubleClick" time="0.0" classname="HandlingDropDownCombobox">
    <ignored/>
  </testcase> <!-- doubleClick -->
  <testcase name="color" time="0.0" classname="HandlingDropDownCombobox">
    <ignored/>
  </testcase> <!-- color -->
  <testcase name="scroll" time="0.0" classname="HandlingDropDownCombobox">
    <ignored/>
  </testcase> <!-- scroll -->
  <testcase name="hover" time="0.0" classname="HandlingDropDownCombobox">
    <ignored/>
  </testcase> <!-- hover -->
  <testcase name="dropdown" time="0.0" classname="HandlingDropDownCombobox">
    <ignored/>
  </testcase> <!-- dropdown -->
</testsuite>
