<?xml version="1.0" encoding="UTF-8"?>
<testng-results skipped="0" failed="0" ignored="0" total="1" passed="1">
  <reporter-output>
  </reporter-output>
  <suite name="Surefire suite" duration-ms="8771" started-at="2020-08-21T08:07:49Z" finished-at="2020-08-21T08:07:58Z">
    <groups>
    </groups>
    <test name="Surefire test" duration-ms="8771" started-at="2020-08-21T08:07:49Z" finished-at="2020-08-21T08:07:58Z">
      <class name="SeleniumGridTest">
        <test-method status="PASS" signature="setup()[pri:0, instance:SeleniumGridTest@6be46e8f]" name="setup" is-config="true" duration-ms="22" started-at="2020-08-21T13:37:49Z" finished-at="2020-08-21T13:37:49Z">
          <reporter-output>
          </reporter-output>
        </test-method> <!-- setup -->
        <test-method status="PASS" signature="test()[pri:0, instance:SeleniumGridTest@6be46e8f]" name="test" duration-ms="8729" started-at="2020-08-21T13:37:49Z" finished-at="2020-08-21T13:37:58Z">
          <reporter-output>
          </reporter-output>
        </test-method> <!-- test -->
        <test-method status="PASS" signature="teardown()[pri:0, instance:SeleniumGridTest@6be46e8f]" name="teardown" is-config="true" duration-ms="0" started-at="2020-08-21T13:37:58Z" finished-at="2020-08-21T13:37:58Z">
          <reporter-output>
          </reporter-output>
        </test-method> <!-- teardown -->
      </class> <!-- SeleniumGridTest -->
    </test> <!-- Surefire test -->
  </suite> <!-- Surefire suite -->
</testng-results>
